Arguments: 
  C:\Program Files\nodejs\node.exe C:\Users\Luis Gustavo\AppData\Roaming\npm\node_modules\yarn\bin\yarn.js add @reactive-navigation/native

PATH: 
  C:\Program Files (x86)\VMware\VMware Player\bin\;C:\Program Files (x86)\Common Files\Oracle\Java\javapath;C:\WinAVR-20100110\bin;C:\WinAVR-20100110\utils\bin;C:\WINDOWS\system32;C:\WINDOWS;C:\WINDOWS\System32\Wbem;C:\WINDOWS\System32\WindowsPowerShell\v1.0\;C:\WINDOWS\System32\OpenSSH\;C:\MinGW\bin;C:\MinGW\bin\avr8-gnu-toolchain-3.6.2.1759-win32.any.x86\avr8-gnu-toolchain-win32_x86\bin;C:\Program Files\avrdude\avrdude;C:\Program Files (x86)\Cypress\Cypress Programmer;C:\Program Files\CMake\bin\bin;C:\Program Files\Azure Data Studio\bin;C:\Program Files\nodejs\;C:\Program Files\Git\cmd;"C:\Users\Luis Gustavo\AppData\Local\Microsoft\WindowsApps;C:\MinGW\bin;C:\Program Files\avr8-gnu-toolchain\bin;C:\Program Files (x86)\GnuWin32\bin;C:\Program Files\avrdude\avrdude;";C:\Users\Luis Gustavo\AppData\Local\Microsoft\WindowsApps;C:\Users\Luis Gustavo\AppData\Local\Microsoft\WindowsApps;C:\Program Files\Azure Data Studio\bin;C:\Users\Luis Gustavo\AppData\Local\Programs\Microsoft VS Code\bin;C:\Users\Luis Gustavo\AppData\Local\Programs\Hyper\resources\bin;C:\Users\Luis Gustavo\AppData\Roaming\npm

Yarn version: 
  1.22.11

Node version: 
  14.17.4

Platform: 
  win32 x64

Trace: 
  Error: https://registry.yarnpkg.com/@reactive-navigation%2fnative: Not found
      at Request.params.callback [as _callback] (C:\Users\Luis Gustavo\AppData\Roaming\npm\node_modules\yarn\lib\cli.js:66992:18)
      at Request.self.callback (C:\Users\Luis Gustavo\AppData\Roaming\npm\node_modules\yarn\lib\cli.js:140763:22)
      at Request.emit (events.js:400:28)
      at Request.<anonymous> (C:\Users\Luis Gustavo\AppData\Roaming\npm\node_modules\yarn\lib\cli.js:141735:10)
      at Request.emit (events.js:400:28)
      at IncomingMessage.<anonymous> (C:\Users\Luis Gustavo\AppData\Roaming\npm\node_modules\yarn\lib\cli.js:141657:12)
      at Object.onceWrapper (events.js:519:28)
      at IncomingMessage.emit (events.js:412:35)
      at endReadableNT (internal/streams/readable.js:1317:12)
      at processTicksAndRejections (internal/process/task_queues.js:82:21)

npm manifest: 
  {
    "main": "node_modules/expo/AppEntry.js",
    "scripts": {
      "start": "expo start",
      "android": "expo start --android",
      "ios": "expo start --ios",
      "web": "expo start --web",
      "eject": "expo eject"
    },
    "dependencies": {
      "expo": "~42.0.1",
      "expo-status-bar": "~1.0.4",
      "react": "16.13.1",
      "react-dom": "16.13.1",
      "react-native": "https://github.com/expo/react-native/archive/sdk-42.0.0.tar.gz",
      "react-native-web": "~0.13.12"
    },
    "devDependencies": {
      "@babel/core": "^7.9.0",
      "@types/react": "~16.9.35",
      "@types/react-native": "~0.63.2",
      "typescript": "~4.0.0"
    },
    "private": true
  }

yarn manifest: 
  No manifest

Lockfile: 
  No lockfile
